2018-11-06 === [main] === INFO  === com.atguigu.springboot.SpringBoot03LoggingApplicationTests ==== Starting SpringBoot03LoggingApplicationTests on ecar-PC with PID 10556 (started by ecar in D:\work\sts\workspace\spring-boot-03-logging)
2018-11-06 === [main] === DEBUG === com.atguigu.springboot.SpringBoot03LoggingApplicationTests ==== Running with Spring Boot v1.5.10.RELEASE, Spring v4.3.14.RELEASE
2018-11-06 === [main] === INFO  === com.atguigu.springboot.SpringBoot03LoggingApplicationTests ==== No active profile set, falling back to default profiles: default
2018-11-06 === [main] === INFO  === org.springframework.web.context.support.GenericWebApplicationContext ==== Refreshing org.springframework.web.context.support.GenericWebApplicationContext@514646ef: startup date [Tue Nov 06 16:01:08 CST 2018]; root of context hierarchy
2018-11-06 === [main] === INFO  === org.springframework.web.servlet.mvc.method.annotation.RequestMappingHandlerAdapter ==== Looking for @ControllerAdvice: org.springframework.web.context.support.GenericWebApplicationContext@514646ef: startup date [Tue Nov 06 16:01:08 CST 2018]; root of context hierarchy
2018-11-06 === [main] === INFO  === org.springframework.web.servlet.mvc.method.annotation.RequestMappingHandlerMapping ==== Mapped "{[/error]}" onto public org.springframework.http.ResponseEntity<java.util.Map<java.lang.String, java.lang.Object>> org.springframework.boot.autoconfigure.web.BasicErrorController.error(javax.servlet.http.HttpServletRequest)
2018-11-06 === [main] === INFO  === org.springframework.web.servlet.mvc.method.annotation.RequestMappingHandlerMapping ==== Mapped "{[/error],produces=[text/html]}" onto public org.springframework.web.servlet.ModelAndView org.springframework.boot.autoconfigure.web.BasicErrorController.errorHtml(javax.servlet.http.HttpServletRequest,javax.servlet.http.HttpServletResponse)
2018-11-06 === [main] === INFO  === org.springframework.web.servlet.handler.SimpleUrlHandlerMapping ==== Mapped URL path [/webjars/**] onto handler of type [class org.springframework.web.servlet.resource.ResourceHttpRequestHandler]
2018-11-06 === [main] === INFO  === org.springframework.web.servlet.handler.SimpleUrlHandlerMapping ==== Mapped URL path [/**] onto handler of type [class org.springframework.web.servlet.resource.ResourceHttpRequestHandler]
2018-11-06 === [main] === INFO  === org.springframework.web.servlet.handler.SimpleUrlHandlerMapping ==== Mapped URL path [/**/favicon.ico] onto handler of type [class org.springframework.web.servlet.resource.ResourceHttpRequestHandler]
2018-11-06 === [main] === INFO  === com.atguigu.springboot.SpringBoot03LoggingApplicationTests ==== Started SpringBoot03LoggingApplicationTests in 2.62 seconds (JVM running for 3.579)
2018-11-06 === [main] === TRACE === com.atguigu.springboot.SpringBoot03LoggingApplicationTests ==== 这是trace日志...
2018-11-06 === [main] === DEBUG === com.atguigu.springboot.SpringBoot03LoggingApplicationTests ==== 这是debug日志...
2018-11-06 === [main] === INFO  === com.atguigu.springboot.SpringBoot03LoggingApplicationTests ==== 这是info日志...
2018-11-06 === [main] === WARN  === com.atguigu.springboot.SpringBoot03LoggingApplicationTests ==== 这是warn日志...
2018-11-06 === [main] === ERROR === com.atguigu.springboot.SpringBoot03LoggingApplicationTests ==== 这是error日志...
2018-11-06 === [Thread-2] === INFO  === org.springframework.web.context.support.GenericWebApplicationContext ==== Closing org.springframework.web.context.support.GenericWebApplicationContext@514646ef: startup date [Tue Nov 06 16:01:08 CST 2018]; root of context hierarchy
2018-11-06 === [main] === INFO  === com.atguigu.springboot.SpringBoot03LoggingApplicationTests ==== Starting SpringBoot03LoggingApplicationTests on ecar-PC with PID 8032 (started by ecar in D:\work\sts\workspace\spring-boot-03-logging)
2018-11-06 === [main] === DEBUG === com.atguigu.springboot.SpringBoot03LoggingApplicationTests ==== Running with Spring Boot v1.5.10.RELEASE, Spring v4.3.14.RELEASE
2018-11-06 === [main] === INFO  === com.atguigu.springboot.SpringBoot03LoggingApplicationTests ==== No active profile set, falling back to default profiles: default
2018-11-06 === [main] === INFO  === org.springframework.web.context.support.GenericWebApplicationContext ==== Refreshing org.springframework.web.context.support.GenericWebApplicationContext@514646ef: startup date [Tue Nov 06 16:05:03 CST 2018]; root of context hierarchy
2018-11-06 === [main] === INFO  === org.springframework.web.servlet.mvc.method.annotation.RequestMappingHandlerAdapter ==== Looking for @ControllerAdvice: org.springframework.web.context.support.GenericWebApplicationContext@514646ef: startup date [Tue Nov 06 16:05:03 CST 2018]; root of context hierarchy
2018-11-06 === [main] === INFO  === org.springframework.web.servlet.mvc.method.annotation.RequestMappingHandlerMapping ==== Mapped "{[/error]}" onto public org.springframework.http.ResponseEntity<java.util.Map<java.lang.String, java.lang.Object>> org.springframework.boot.autoconfigure.web.BasicErrorController.error(javax.servlet.http.HttpServletRequest)
2018-11-06 === [main] === INFO  === org.springframework.web.servlet.mvc.method.annotation.RequestMappingHandlerMapping ==== Mapped "{[/error],produces=[text/html]}" onto public org.springframework.web.servlet.ModelAndView org.springframework.boot.autoconfigure.web.BasicErrorController.errorHtml(javax.servlet.http.HttpServletRequest,javax.servlet.http.HttpServletResponse)
2018-11-06 === [main] === INFO  === org.springframework.web.servlet.handler.SimpleUrlHandlerMapping ==== Mapped URL path [/webjars/**] onto handler of type [class org.springframework.web.servlet.resource.ResourceHttpRequestHandler]
2018-11-06 === [main] === INFO  === org.springframework.web.servlet.handler.SimpleUrlHandlerMapping ==== Mapped URL path [/**] onto handler of type [class org.springframework.web.servlet.resource.ResourceHttpRequestHandler]
2018-11-06 === [main] === INFO  === org.springframework.web.servlet.handler.SimpleUrlHandlerMapping ==== Mapped URL path [/**/favicon.ico] onto handler of type [class org.springframework.web.servlet.resource.ResourceHttpRequestHandler]
2018-11-06 === [main] === INFO  === com.atguigu.springboot.SpringBoot03LoggingApplicationTests ==== Started SpringBoot03LoggingApplicationTests in 2.585 seconds (JVM running for 3.57)
2018-11-06 === [main] === TRACE === com.atguigu.springboot.SpringBoot03LoggingApplicationTests ==== 这是trace日志...
2018-11-06 === [main] === DEBUG === com.atguigu.springboot.SpringBoot03LoggingApplicationTests ==== 这是debug日志...
2018-11-06 === [main] === INFO  === com.atguigu.springboot.SpringBoot03LoggingApplicationTests ==== 这是info日志...
2018-11-06 === [main] === WARN  === com.atguigu.springboot.SpringBoot03LoggingApplicationTests ==== 这是warn日志...
2018-11-06 === [main] === ERROR === com.atguigu.springboot.SpringBoot03LoggingApplicationTests ==== 这是error日志...
2018-11-06 === [main] === INFO  === com.atguigu.springboot.SpringBoot03LoggingApplicationTests ==== Starting SpringBoot03LoggingApplicationTests on ecar-PC with PID 13416 (started by ecar in D:\work\sts\workspace\spring-boot-03-logging)
2018-11-06 === [main] === DEBUG === com.atguigu.springboot.SpringBoot03LoggingApplicationTests ==== Running with Spring Boot v1.5.10.RELEASE, Spring v4.3.14.RELEASE
2018-11-06 === [main] === INFO  === com.atguigu.springboot.SpringBoot03LoggingApplicationTests ==== No active profile set, falling back to default profiles: default
2018-11-06 === [main] === INFO  === org.springframework.web.context.support.GenericWebApplicationContext ==== Refreshing org.springframework.web.context.support.GenericWebApplicationContext@514646ef: startup date [Tue Nov 06 16:05:30 CST 2018]; root of context hierarchy
2018-11-06 === [main] === INFO  === org.springframework.web.servlet.mvc.method.annotation.RequestMappingHandlerAdapter ==== Looking for @ControllerAdvice: org.springframework.web.context.support.GenericWebApplicationContext@514646ef: startup date [Tue Nov 06 16:05:30 CST 2018]; root of context hierarchy
2018-11-06 === [main] === INFO  === org.springframework.web.servlet.mvc.method.annotation.RequestMappingHandlerMapping ==== Mapped "{[/error]}" onto public org.springframework.http.ResponseEntity<java.util.Map<java.lang.String, java.lang.Object>> org.springframework.boot.autoconfigure.web.BasicErrorController.error(javax.servlet.http.HttpServletRequest)
2018-11-06 === [main] === INFO  === org.springframework.web.servlet.mvc.method.annotation.RequestMappingHandlerMapping ==== Mapped "{[/error],produces=[text/html]}" onto public org.springframework.web.servlet.ModelAndView org.springframework.boot.autoconfigure.web.BasicErrorController.errorHtml(javax.servlet.http.HttpServletRequest,javax.servlet.http.HttpServletResponse)
2018-11-06 === [main] === INFO  === org.springframework.web.servlet.handler.SimpleUrlHandlerMapping ==== Mapped URL path [/webjars/**] onto handler of type [class org.springframework.web.servlet.resource.ResourceHttpRequestHandler]
2018-11-06 === [main] === INFO  === org.springframework.web.servlet.handler.SimpleUrlHandlerMapping ==== Mapped URL path [/**] onto handler of type [class org.springframework.web.servlet.resource.ResourceHttpRequestHandler]
2018-11-06 === [main] === INFO  === org.springframework.web.servlet.handler.SimpleUrlHandlerMapping ==== Mapped URL path [/**/favicon.ico] onto handler of type [class org.springframework.web.servlet.resource.ResourceHttpRequestHandler]
2018-11-06 === [main] === INFO  === com.atguigu.springboot.SpringBoot03LoggingApplicationTests ==== Started SpringBoot03LoggingApplicationTests in 2.445 seconds (JVM running for 3.44)
2018-11-06 === [main] === TRACE === com.atguigu.springboot.SpringBoot03LoggingApplicationTests ==== 这是trace日志...
2018-11-06 === [main] === DEBUG === com.atguigu.springboot.SpringBoot03LoggingApplicationTests ==== 这是debug日志...
2018-11-06 === [main] === INFO  === com.atguigu.springboot.SpringBoot03LoggingApplicationTests ==== 这是info日志...
2018-11-06 === [main] === WARN  === com.atguigu.springboot.SpringBoot03LoggingApplicationTests ==== 这是warn日志...
2018-11-06 === [main] === ERROR === com.atguigu.springboot.SpringBoot03LoggingApplicationTests ==== 这是error日志...
2018-11-06 === [Thread-2] === INFO  === org.springframework.web.context.support.GenericWebApplicationContext ==== Closing org.springframework.web.context.support.GenericWebApplicationContext@514646ef: startup date [Tue Nov 06 16:05:30 CST 2018]; root of context hierarchy
2018-11-06 === [main] === INFO  === com.atguigu.springboot.SpringBoot03LoggingApplicationTests ==== Starting SpringBoot03LoggingApplicationTests on ecar-PC with PID 12096 (started by ecar in D:\work\sts\workspace\spring-boot-03-logging)
2018-11-06 === [main] === DEBUG === com.atguigu.springboot.SpringBoot03LoggingApplicationTests ==== Running with Spring Boot v1.5.10.RELEASE, Spring v4.3.14.RELEASE
2018-11-06 === [main] === INFO  === com.atguigu.springboot.SpringBoot03LoggingApplicationTests ==== No active profile set, falling back to default profiles: default
2018-11-06 === [main] === INFO  === org.springframework.web.context.support.GenericWebApplicationContext ==== Refreshing org.springframework.web.context.support.GenericWebApplicationContext@514646ef: startup date [Tue Nov 06 16:24:27 CST 2018]; root of context hierarchy
2018-11-06 === [main] === INFO  === org.springframework.web.servlet.mvc.method.annotation.RequestMappingHandlerAdapter ==== Looking for @ControllerAdvice: org.springframework.web.context.support.GenericWebApplicationContext@514646ef: startup date [Tue Nov 06 16:24:27 CST 2018]; root of context hierarchy
2018-11-06 === [main] === INFO  === org.springframework.web.servlet.mvc.method.annotation.RequestMappingHandlerMapping ==== Mapped "{[/error]}" onto public org.springframework.http.ResponseEntity<java.util.Map<java.lang.String, java.lang.Object>> org.springframework.boot.autoconfigure.web.BasicErrorController.error(javax.servlet.http.HttpServletRequest)
2018-11-06 === [main] === INFO  === org.springframework.web.servlet.mvc.method.annotation.RequestMappingHandlerMapping ==== Mapped "{[/error],produces=[text/html]}" onto public org.springframework.web.servlet.ModelAndView org.springframework.boot.autoconfigure.web.BasicErrorController.errorHtml(javax.servlet.http.HttpServletRequest,javax.servlet.http.HttpServletResponse)
2018-11-06 === [main] === INFO  === org.springframework.web.servlet.handler.SimpleUrlHandlerMapping ==== Mapped URL path [/webjars/**] onto handler of type [class org.springframework.web.servlet.resource.ResourceHttpRequestHandler]
2018-11-06 === [main] === INFO  === org.springframework.web.servlet.handler.SimpleUrlHandlerMapping ==== Mapped URL path [/**] onto handler of type [class org.springframework.web.servlet.resource.ResourceHttpRequestHandler]
2018-11-06 === [main] === INFO  === org.springframework.web.servlet.handler.SimpleUrlHandlerMapping ==== Mapped URL path [/**/favicon.ico] onto handler of type [class org.springframework.web.servlet.resource.ResourceHttpRequestHandler]
2018-11-06 === [main] === INFO  === com.atguigu.springboot.SpringBoot03LoggingApplicationTests ==== Started SpringBoot03LoggingApplicationTests in 2.728 seconds (JVM running for 3.697)
2018-11-06 === [main] === TRACE === com.atguigu.springboot.SpringBoot03LoggingApplicationTests ==== 这是trace日志...
2018-11-06 === [main] === DEBUG === com.atguigu.springboot.SpringBoot03LoggingApplicationTests ==== 这是debug日志...
2018-11-06 === [main] === INFO  === com.atguigu.springboot.SpringBoot03LoggingApplicationTests ==== 这是info日志...
2018-11-06 === [main] === WARN  === com.atguigu.springboot.SpringBoot03LoggingApplicationTests ==== 这是warn日志...
2018-11-06 === [main] === ERROR === com.atguigu.springboot.SpringBoot03LoggingApplicationTests ==== 这是error日志...
2018-11-06 === [Thread-2] === INFO  === org.springframework.web.context.support.GenericWebApplicationContext ==== Closing org.springframework.web.context.support.GenericWebApplicationContext@514646ef: startup date [Tue Nov 06 16:24:27 CST 2018]; root of context hierarchy
2018-11-06 === [main] === INFO  === com.atguigu.springboot.SpringBoot03LoggingApplicationTests ==== Starting SpringBoot03LoggingApplicationTests on ecar-PC with PID 14188 (started by ecar in D:\work\sts\workspace\spring-boot-03-logging)
2018-11-06 === [main] === INFO  === com.atguigu.springboot.SpringBoot03LoggingApplicationTests ==== No active profile set, falling back to default profiles: default
2018-11-06 === [main] === INFO  === org.springframework.web.context.support.GenericWebApplicationContext ==== Refreshing org.springframework.web.context.support.GenericWebApplicationContext@73eb439a: startup date [Tue Nov 06 16:25:11 CST 2018]; root of context hierarchy
2018-11-06 === [main] === INFO  === org.springframework.web.servlet.mvc.method.annotation.RequestMappingHandlerAdapter ==== Looking for @ControllerAdvice: org.springframework.web.context.support.GenericWebApplicationContext@73eb439a: startup date [Tue Nov 06 16:25:11 CST 2018]; root of context hierarchy
2018-11-06 === [main] === INFO  === org.springframework.web.servlet.mvc.method.annotation.RequestMappingHandlerMapping ==== Mapped "{[/error]}" onto public org.springframework.http.ResponseEntity<java.util.Map<java.lang.String, java.lang.Object>> org.springframework.boot.autoconfigure.web.BasicErrorController.error(javax.servlet.http.HttpServletRequest)
2018-11-06 === [main] === INFO  === org.springframework.web.servlet.mvc.method.annotation.RequestMappingHandlerMapping ==== Mapped "{[/error],produces=[text/html]}" onto public org.springframework.web.servlet.ModelAndView org.springframework.boot.autoconfigure.web.BasicErrorController.errorHtml(javax.servlet.http.HttpServletRequest,javax.servlet.http.HttpServletResponse)
2018-11-06 === [main] === INFO  === org.springframework.web.servlet.handler.SimpleUrlHandlerMapping ==== Mapped URL path [/webjars/**] onto handler of type [class org.springframework.web.servlet.resource.ResourceHttpRequestHandler]
2018-11-06 === [main] === INFO  === org.springframework.web.servlet.handler.SimpleUrlHandlerMapping ==== Mapped URL path [/**] onto handler of type [class org.springframework.web.servlet.resource.ResourceHttpRequestHandler]
2018-11-06 === [main] === INFO  === org.springframework.web.servlet.handler.SimpleUrlHandlerMapping ==== Mapped URL path [/**/favicon.ico] onto handler of type [class org.springframework.web.servlet.resource.ResourceHttpRequestHandler]
2018-11-06 === [main] === INFO  === com.atguigu.springboot.SpringBoot03LoggingApplicationTests ==== Started SpringBoot03LoggingApplicationTests in 2.571 seconds (JVM running for 3.544)
2018-11-06 === [main] === INFO  === com.atguigu.springboot.SpringBoot03LoggingApplicationTests ==== 这是info日志...
2018-11-06 === [main] === WARN  === com.atguigu.springboot.SpringBoot03LoggingApplicationTests ==== 这是warn日志...
2018-11-06 === [main] === ERROR === com.atguigu.springboot.SpringBoot03LoggingApplicationTests ==== 这是error日志...
2018-11-06 === [Thread-2] === INFO  === org.springframework.web.context.support.GenericWebApplicationContext ==== Closing org.springframework.web.context.support.GenericWebApplicationContext@73eb439a: startup date [Tue Nov 06 16:25:11 CST 2018]; root of context hierarchy
2018-11-06 === [main] === INFO  === com.atguigu.springboot.SpringBoot03LoggingApplicationTests ==== Starting SpringBoot03LoggingApplicationTests on ecar-PC with PID 8080 (started by ecar in D:\work\sts\workspace\spring-boot-03-logging)
2018-11-06 === [main] === DEBUG === com.atguigu.springboot.SpringBoot03LoggingApplicationTests ==== Running with Spring Boot v1.5.10.RELEASE, Spring v4.3.14.RELEASE
2018-11-06 === [main] === INFO  === com.atguigu.springboot.SpringBoot03LoggingApplicationTests ==== No active profile set, falling back to default profiles: default
2018-11-06 === [main] === INFO  === org.springframework.web.context.support.GenericWebApplicationContext ==== Refreshing org.springframework.web.context.support.GenericWebApplicationContext@514646ef: startup date [Tue Nov 06 16:26:07 CST 2018]; root of context hierarchy
2018-11-06 === [main] === INFO  === org.springframework.web.servlet.mvc.method.annotation.RequestMappingHandlerAdapter ==== Looking for @ControllerAdvice: org.springframework.web.context.support.GenericWebApplicationContext@514646ef: startup date [Tue Nov 06 16:26:07 CST 2018]; root of context hierarchy
2018-11-06 === [main] === INFO  === org.springframework.web.servlet.mvc.method.annotation.RequestMappingHandlerMapping ==== Mapped "{[/error]}" onto public org.springframework.http.ResponseEntity<java.util.Map<java.lang.String, java.lang.Object>> org.springframework.boot.autoconfigure.web.BasicErrorController.error(javax.servlet.http.HttpServletRequest)
2018-11-06 === [main] === INFO  === org.springframework.web.servlet.mvc.method.annotation.RequestMappingHandlerMapping ==== Mapped "{[/error],produces=[text/html]}" onto public org.springframework.web.servlet.ModelAndView org.springframework.boot.autoconfigure.web.BasicErrorController.errorHtml(javax.servlet.http.HttpServletRequest,javax.servlet.http.HttpServletResponse)
2018-11-06 === [main] === INFO  === org.springframework.web.servlet.handler.SimpleUrlHandlerMapping ==== Mapped URL path [/webjars/**] onto handler of type [class org.springframework.web.servlet.resource.ResourceHttpRequestHandler]
2018-11-06 === [main] === INFO  === org.springframework.web.servlet.handler.SimpleUrlHandlerMapping ==== Mapped URL path [/**] onto handler of type [class org.springframework.web.servlet.resource.ResourceHttpRequestHandler]
2018-11-06 === [main] === INFO  === org.springframework.web.servlet.handler.SimpleUrlHandlerMapping ==== Mapped URL path [/**/favicon.ico] onto handler of type [class org.springframework.web.servlet.resource.ResourceHttpRequestHandler]
2018-11-06 === [main] === INFO  === com.atguigu.springboot.SpringBoot03LoggingApplicationTests ==== Started SpringBoot03LoggingApplicationTests in 2.515 seconds (JVM running for 3.486)
2018-11-06 === [main] === TRACE === com.atguigu.springboot.SpringBoot03LoggingApplicationTests ==== 这是trace日志...
2018-11-06 === [main] === DEBUG === com.atguigu.springboot.SpringBoot03LoggingApplicationTests ==== 这是debug日志...
2018-11-06 === [main] === INFO  === com.atguigu.springboot.SpringBoot03LoggingApplicationTests ==== 这是info日志...
2018-11-06 === [main] === WARN  === com.atguigu.springboot.SpringBoot03LoggingApplicationTests ==== 这是warn日志...
2018-11-06 === [main] === ERROR === com.atguigu.springboot.SpringBoot03LoggingApplicationTests ==== 这是error日志...
2018-11-06 === [Thread-2] === INFO  === org.springframework.web.context.support.GenericWebApplicationContext ==== Closing org.springframework.web.context.support.GenericWebApplicationContext@514646ef: startup date [Tue Nov 06 16:26:07 CST 2018]; root of context hierarchy
2018-11-06 === [main] === INFO  === com.atguigu.springboot.SpringBoot03LoggingApplicationTests ==== Starting SpringBoot03LoggingApplicationTests on ecar-PC with PID 14160 (started by ecar in D:\work\sts\workspace\spring-boot-03-logging)
2018-11-06 === [main] === INFO  === com.atguigu.springboot.SpringBoot03LoggingApplicationTests ==== No active profile set, falling back to default profiles: default
2018-11-06 === [main] === INFO  === org.springframework.web.context.support.GenericWebApplicationContext ==== Refreshing org.springframework.web.context.support.GenericWebApplicationContext@73eb439a: startup date [Tue Nov 06 16:26:18 CST 2018]; root of context hierarchy
2018-11-06 === [main] === INFO  === org.springframework.web.servlet.mvc.method.annotation.RequestMappingHandlerAdapter ==== Looking for @ControllerAdvice: org.springframework.web.context.support.GenericWebApplicationContext@73eb439a: startup date [Tue Nov 06 16:26:18 CST 2018]; root of context hierarchy
2018-11-06 === [main] === INFO  === org.springframework.web.servlet.mvc.method.annotation.RequestMappingHandlerMapping ==== Mapped "{[/error]}" onto public org.springframework.http.ResponseEntity<java.util.Map<java.lang.String, java.lang.Object>> org.springframework.boot.autoconfigure.web.BasicErrorController.error(javax.servlet.http.HttpServletRequest)
2018-11-06 === [main] === INFO  === org.springframework.web.servlet.mvc.method.annotation.RequestMappingHandlerMapping ==== Mapped "{[/error],produces=[text/html]}" onto public org.springframework.web.servlet.ModelAndView org.springframework.boot.autoconfigure.web.BasicErrorController.errorHtml(javax.servlet.http.HttpServletRequest,javax.servlet.http.HttpServletResponse)
2018-11-06 === [main] === INFO  === org.springframework.web.servlet.handler.SimpleUrlHandlerMapping ==== Mapped URL path [/webjars/**] onto handler of type [class org.springframework.web.servlet.resource.ResourceHttpRequestHandler]
2018-11-06 === [main] === INFO  === org.springframework.web.servlet.handler.SimpleUrlHandlerMapping ==== Mapped URL path [/**] onto handler of type [class org.springframework.web.servlet.resource.ResourceHttpRequestHandler]
2018-11-06 === [main] === INFO  === org.springframework.web.servlet.handler.SimpleUrlHandlerMapping ==== Mapped URL path [/**/favicon.ico] onto handler of type [class org.springframework.web.servlet.resource.ResourceHttpRequestHandler]
2018-11-06 === [main] === INFO  === com.atguigu.springboot.SpringBoot03LoggingApplicationTests ==== Started SpringBoot03LoggingApplicationTests in 2.611 seconds (JVM running for 3.74)
2018-11-06 === [main] === INFO  === com.atguigu.springboot.SpringBoot03LoggingApplicationTests ==== 这是info日志...
2018-11-06 === [main] === WARN  === com.atguigu.springboot.SpringBoot03LoggingApplicationTests ==== 这是warn日志...
2018-11-06 === [main] === ERROR === com.atguigu.springboot.SpringBoot03LoggingApplicationTests ==== 这是error日志...
2018-11-06 === [Thread-2] === INFO  === org.springframework.web.context.support.GenericWebApplicationContext ==== Closing org.springframework.web.context.support.GenericWebApplicationContext@73eb439a: startup date [Tue Nov 06 16:26:18 CST 2018]; root of context hierarchy
2018-11-07 === [main] === INFO  === com.atguigu.springboot.SpringBoot03LoggingApplication ==== Starting SpringBoot03LoggingApplication on ecar-PC with PID 584 (D:\work\sts\workspace\spring-boot-03-logging\target\classes started by ecar in D:\work\sts\workspace\spring-boot-03-logging)
2018-11-07 === [main] === INFO  === com.atguigu.springboot.SpringBoot03LoggingApplication ==== No active profile set, falling back to default profiles: default
2018-11-07 === [main] === INFO  === org.springframework.boot.context.embedded.AnnotationConfigEmbeddedWebApplicationContext ==== Refreshing org.springframework.boot.context.embedded.AnnotationConfigEmbeddedWebApplicationContext@44c03695: startup date [Wed Nov 07 09:35:47 CST 2018]; root of context hierarchy
2018-11-07 === [main] === INFO  === org.springframework.boot.context.embedded.tomcat.TomcatEmbeddedServletContainer ==== Tomcat initialized with port(s): 8080 (http)
2018-11-07 === [main] === INFO  === org.apache.catalina.core.StandardService ==== Starting service [Tomcat]
2018-11-07 === [main] === INFO  === org.apache.catalina.core.StandardEngine ==== Starting Servlet Engine: Apache Tomcat/8.5.27
2018-11-07 === [localhost-startStop-1] === INFO  === org.apache.catalina.core.ContainerBase.[Tomcat].[localhost].[/] ==== Initializing Spring embedded WebApplicationContext
2018-11-07 === [localhost-startStop-1] === INFO  === org.springframework.web.context.ContextLoader ==== Root WebApplicationContext: initialization completed in 1016 ms
2018-11-07 === [localhost-startStop-1] === INFO  === org.springframework.boot.web.servlet.ServletRegistrationBean ==== Mapping servlet: 'dispatcherServlet' to [/]
2018-11-07 === [localhost-startStop-1] === INFO  === org.springframework.boot.web.servlet.FilterRegistrationBean ==== Mapping filter: 'characterEncodingFilter' to: [/*]
2018-11-07 === [localhost-startStop-1] === INFO  === org.springframework.boot.web.servlet.FilterRegistrationBean ==== Mapping filter: 'hiddenHttpMethodFilter' to: [/*]
2018-11-07 === [localhost-startStop-1] === INFO  === org.springframework.boot.web.servlet.FilterRegistrationBean ==== Mapping filter: 'httpPutFormContentFilter' to: [/*]
2018-11-07 === [localhost-startStop-1] === INFO  === org.springframework.boot.web.servlet.FilterRegistrationBean ==== Mapping filter: 'requestContextFilter' to: [/*]
2018-11-07 === [main] === INFO  === org.springframework.web.servlet.mvc.method.annotation.RequestMappingHandlerAdapter ==== Looking for @ControllerAdvice: org.springframework.boot.context.embedded.AnnotationConfigEmbeddedWebApplicationContext@44c03695: startup date [Wed Nov 07 09:35:47 CST 2018]; root of context hierarchy
2018-11-07 === [main] === INFO  === org.springframework.web.servlet.mvc.method.annotation.RequestMappingHandlerMapping ==== Mapped "{[/error]}" onto public org.springframework.http.ResponseEntity<java.util.Map<java.lang.String, java.lang.Object>> org.springframework.boot.autoconfigure.web.BasicErrorController.error(javax.servlet.http.HttpServletRequest)
2018-11-07 === [main] === INFO  === org.springframework.web.servlet.mvc.method.annotation.RequestMappingHandlerMapping ==== Mapped "{[/error],produces=[text/html]}" onto public org.springframework.web.servlet.ModelAndView org.springframework.boot.autoconfigure.web.BasicErrorController.errorHtml(javax.servlet.http.HttpServletRequest,javax.servlet.http.HttpServletResponse)
2018-11-07 === [main] === INFO  === org.springframework.web.servlet.handler.SimpleUrlHandlerMapping ==== Mapped URL path [/webjars/**] onto handler of type [class org.springframework.web.servlet.resource.ResourceHttpRequestHandler]
2018-11-07 === [main] === INFO  === org.springframework.web.servlet.handler.SimpleUrlHandlerMapping ==== Mapped URL path [/**] onto handler of type [class org.springframework.web.servlet.resource.ResourceHttpRequestHandler]
2018-11-07 === [main] === INFO  === org.springframework.web.servlet.handler.SimpleUrlHandlerMapping ==== Mapped URL path [/**/favicon.ico] onto handler of type [class org.springframework.web.servlet.resource.ResourceHttpRequestHandler]
2018-11-07 === [main] === INFO  === org.springframework.jmx.export.annotation.AnnotationMBeanExporter ==== Registering beans for JMX exposure on startup
2018-11-07 === [main] === INFO  === org.springframework.boot.context.embedded.tomcat.TomcatEmbeddedServletContainer ==== Tomcat started on port(s): 8080 (http)
2018-11-07 === [main] === INFO  === com.atguigu.springboot.SpringBoot03LoggingApplication ==== Started SpringBoot03LoggingApplication in 2.659 seconds (JVM running for 4.841)
2018-11-07 === [RMI TCP Connection(2)-127.0.0.1] === INFO  === org.springframework.boot.admin.SpringApplicationAdminMXBeanRegistrar$SpringApplicationAdmin ==== Application shutdown requested.
2018-11-07 === [RMI TCP Connection(2)-127.0.0.1] === INFO  === org.springframework.boot.context.embedded.AnnotationConfigEmbeddedWebApplicationContext ==== Closing org.springframework.boot.context.embedded.AnnotationConfigEmbeddedWebApplicationContext@44c03695: startup date [Wed Nov 07 09:35:47 CST 2018]; root of context hierarchy
2018-11-07 === [RMI TCP Connection(2)-127.0.0.1] === INFO  === org.springframework.jmx.export.annotation.AnnotationMBeanExporter ==== Unregistering JMX-exposed beans on shutdown
2018-11-07 === [main] === INFO  === com.atguigu.springboot.SpringBoot03LoggingApplication ==== Starting SpringBoot03LoggingApplication on ecar-PC with PID 920 (D:\work\sts\workspace\spring-boot-03-logging\target\classes started by ecar in D:\work\sts\workspace\spring-boot-03-logging)
2018-11-07 === [main] === INFO  === com.atguigu.springboot.SpringBoot03LoggingApplication ==== No active profile set, falling back to default profiles: default
2018-11-07 === [main] === INFO  === org.springframework.boot.context.embedded.AnnotationConfigEmbeddedWebApplicationContext ==== Refreshing org.springframework.boot.context.embedded.AnnotationConfigEmbeddedWebApplicationContext@44c03695: startup date [Wed Nov 07 09:36:48 CST 2018]; root of context hierarchy
2018-11-07 === [main] === INFO  === org.springframework.boot.context.embedded.tomcat.TomcatEmbeddedServletContainer ==== Tomcat initialized with port(s): 8080 (http)
2018-11-07 === [main] === INFO  === org.apache.catalina.core.StandardService ==== Starting service [Tomcat]
2018-11-07 === [main] === INFO  === org.apache.catalina.core.StandardEngine ==== Starting Servlet Engine: Apache Tomcat/8.5.27
2018-11-07 === [localhost-startStop-1] === INFO  === org.apache.catalina.core.ContainerBase.[Tomcat].[localhost].[/] ==== Initializing Spring embedded WebApplicationContext
2018-11-07 === [localhost-startStop-1] === INFO  === org.springframework.web.context.ContextLoader ==== Root WebApplicationContext: initialization completed in 783 ms
2018-11-07 === [localhost-startStop-1] === INFO  === org.springframework.boot.web.servlet.ServletRegistrationBean ==== Mapping servlet: 'dispatcherServlet' to [/]
2018-11-07 === [localhost-startStop-1] === INFO  === org.springframework.boot.web.servlet.FilterRegistrationBean ==== Mapping filter: 'characterEncodingFilter' to: [/*]
2018-11-07 === [localhost-startStop-1] === INFO  === org.springframework.boot.web.servlet.FilterRegistrationBean ==== Mapping filter: 'hiddenHttpMethodFilter' to: [/*]
2018-11-07 === [localhost-startStop-1] === INFO  === org.springframework.boot.web.servlet.FilterRegistrationBean ==== Mapping filter: 'httpPutFormContentFilter' to: [/*]
2018-11-07 === [localhost-startStop-1] === INFO  === org.springframework.boot.web.servlet.FilterRegistrationBean ==== Mapping filter: 'requestContextFilter' to: [/*]
2018-11-07 === [main] === INFO  === org.springframework.web.servlet.mvc.method.annotation.RequestMappingHandlerAdapter ==== Looking for @ControllerAdvice: org.springframework.boot.context.embedded.AnnotationConfigEmbeddedWebApplicationContext@44c03695: startup date [Wed Nov 07 09:36:48 CST 2018]; root of context hierarchy
2018-11-07 === [main] === INFO  === org.springframework.web.servlet.mvc.method.annotation.RequestMappingHandlerMapping ==== Mapped "{[/error]}" onto public org.springframework.http.ResponseEntity<java.util.Map<java.lang.String, java.lang.Object>> org.springframework.boot.autoconfigure.web.BasicErrorController.error(javax.servlet.http.HttpServletRequest)
2018-11-07 === [main] === INFO  === org.springframework.web.servlet.mvc.method.annotation.RequestMappingHandlerMapping ==== Mapped "{[/error],produces=[text/html]}" onto public org.springframework.web.servlet.ModelAndView org.springframework.boot.autoconfigure.web.BasicErrorController.errorHtml(javax.servlet.http.HttpServletRequest,javax.servlet.http.HttpServletResponse)
2018-11-07 === [main] === INFO  === org.springframework.web.servlet.handler.SimpleUrlHandlerMapping ==== Mapped URL path [/webjars/**] onto handler of type [class org.springframework.web.servlet.resource.ResourceHttpRequestHandler]
2018-11-07 === [main] === INFO  === org.springframework.web.servlet.handler.SimpleUrlHandlerMapping ==== Mapped URL path [/**] onto handler of type [class org.springframework.web.servlet.resource.ResourceHttpRequestHandler]
2018-11-07 === [main] === INFO  === org.springframework.web.servlet.handler.SimpleUrlHandlerMapping ==== Mapped URL path [/**/favicon.ico] onto handler of type [class org.springframework.web.servlet.resource.ResourceHttpRequestHandler]
2018-11-07 === [main] === INFO  === org.springframework.jmx.export.annotation.AnnotationMBeanExporter ==== Registering beans for JMX exposure on startup
2018-11-07 === [main] === INFO  === org.springframework.boot.context.embedded.tomcat.TomcatEmbeddedServletContainer ==== Tomcat started on port(s): 8080 (http)
2018-11-07 === [main] === INFO  === com.atguigu.springboot.SpringBoot03LoggingApplication ==== Started SpringBoot03LoggingApplication in 1.525 seconds (JVM running for 2.188)
2018-11-07 === [RMI TCP Connection(2)-127.0.0.1] === INFO  === org.springframework.boot.admin.SpringApplicationAdminMXBeanRegistrar$SpringApplicationAdmin ==== Application shutdown requested.
2018-11-07 === [RMI TCP Connection(2)-127.0.0.1] === INFO  === org.springframework.boot.context.embedded.AnnotationConfigEmbeddedWebApplicationContext ==== Closing org.springframework.boot.context.embedded.AnnotationConfigEmbeddedWebApplicationContext@44c03695: startup date [Wed Nov 07 09:36:48 CST 2018]; root of context hierarchy
2018-11-07 === [RMI TCP Connection(2)-127.0.0.1] === INFO  === org.springframework.jmx.export.annotation.AnnotationMBeanExporter ==== Unregistering JMX-exposed beans on shutdown
2018-11-07 === [main] === INFO  === com.atguigu.springboot.SpringBoot03LoggingApplication ==== Starting SpringBoot03LoggingApplication on ecar-PC with PID 5840 (D:\work\sts\workspace\spring-boot-03-logging\target\classes started by ecar in D:\work\sts\workspace\spring-boot-03-logging)
2018-11-07 === [main] === INFO  === com.atguigu.springboot.SpringBoot03LoggingApplication ==== No active profile set, falling back to default profiles: default
2018-11-07 === [main] === INFO  === org.springframework.boot.context.embedded.AnnotationConfigEmbeddedWebApplicationContext ==== Refreshing org.springframework.boot.context.embedded.AnnotationConfigEmbeddedWebApplicationContext@44c03695: startup date [Wed Nov 07 09:39:50 CST 2018]; root of context hierarchy
2018-11-07 === [main] === INFO  === org.springframework.boot.context.embedded.tomcat.TomcatEmbeddedServletContainer ==== Tomcat initialized with port(s): 8080 (http)
2018-11-07 === [main] === INFO  === org.apache.catalina.core.StandardService ==== Starting service [Tomcat]
2018-11-07 === [main] === INFO  === org.apache.catalina.core.StandardEngine ==== Starting Servlet Engine: Apache Tomcat/8.5.27
2018-11-07 === [localhost-startStop-1] === INFO  === org.apache.catalina.core.ContainerBase.[Tomcat].[localhost].[/] ==== Initializing Spring embedded WebApplicationContext
2018-11-07 === [localhost-startStop-1] === INFO  === org.springframework.web.context.ContextLoader ==== Root WebApplicationContext: initialization completed in 768 ms
2018-11-07 === [localhost-startStop-1] === INFO  === org.springframework.boot.web.servlet.ServletRegistrationBean ==== Mapping servlet: 'dispatcherServlet' to [/]
2018-11-07 === [localhost-startStop-1] === INFO  === org.springframework.boot.web.servlet.FilterRegistrationBean ==== Mapping filter: 'characterEncodingFilter' to: [/*]
2018-11-07 === [localhost-startStop-1] === INFO  === org.springframework.boot.web.servlet.FilterRegistrationBean ==== Mapping filter: 'hiddenHttpMethodFilter' to: [/*]
2018-11-07 === [localhost-startStop-1] === INFO  === org.springframework.boot.web.servlet.FilterRegistrationBean ==== Mapping filter: 'httpPutFormContentFilter' to: [/*]
2018-11-07 === [localhost-startStop-1] === INFO  === org.springframework.boot.web.servlet.FilterRegistrationBean ==== Mapping filter: 'requestContextFilter' to: [/*]
2018-11-07 === [main] === INFO  === org.springframework.web.servlet.mvc.method.annotation.RequestMappingHandlerAdapter ==== Looking for @ControllerAdvice: org.springframework.boot.context.embedded.AnnotationConfigEmbeddedWebApplicationContext@44c03695: startup date [Wed Nov 07 09:39:50 CST 2018]; root of context hierarchy
2018-11-07 === [main] === INFO  === org.springframework.web.servlet.mvc.method.annotation.RequestMappingHandlerMapping ==== Mapped "{[/error]}" onto public org.springframework.http.ResponseEntity<java.util.Map<java.lang.String, java.lang.Object>> org.springframework.boot.autoconfigure.web.BasicErrorController.error(javax.servlet.http.HttpServletRequest)
2018-11-07 === [main] === INFO  === org.springframework.web.servlet.mvc.method.annotation.RequestMappingHandlerMapping ==== Mapped "{[/error],produces=[text/html]}" onto public org.springframework.web.servlet.ModelAndView org.springframework.boot.autoconfigure.web.BasicErrorController.errorHtml(javax.servlet.http.HttpServletRequest,javax.servlet.http.HttpServletResponse)
2018-11-07 === [main] === INFO  === org.springframework.web.servlet.handler.SimpleUrlHandlerMapping ==== Mapped URL path [/webjars/**] onto handler of type [class org.springframework.web.servlet.resource.ResourceHttpRequestHandler]
2018-11-07 === [main] === INFO  === org.springframework.web.servlet.handler.SimpleUrlHandlerMapping ==== Mapped URL path [/**] onto handler of type [class org.springframework.web.servlet.resource.ResourceHttpRequestHandler]
2018-11-07 === [main] === INFO  === org.springframework.web.servlet.handler.SimpleUrlHandlerMapping ==== Mapped URL path [/**/favicon.ico] onto handler of type [class org.springframework.web.servlet.resource.ResourceHttpRequestHandler]
2018-11-07 === [main] === INFO  === org.springframework.jmx.export.annotation.AnnotationMBeanExporter ==== Registering beans for JMX exposure on startup
2018-11-07 === [main] === INFO  === org.springframework.boot.context.embedded.tomcat.TomcatEmbeddedServletContainer ==== Tomcat started on port(s): 8080 (http)
2018-11-07 === [main] === INFO  === com.atguigu.springboot.SpringBoot03LoggingApplication ==== Started SpringBoot03LoggingApplication in 1.516 seconds (JVM running for 2.085)
2018-11-07 === [RMI TCP Connection(2)-127.0.0.1] === INFO  === org.springframework.boot.admin.SpringApplicationAdminMXBeanRegistrar$SpringApplicationAdmin ==== Application shutdown requested.
2018-11-07 === [RMI TCP Connection(2)-127.0.0.1] === INFO  === org.springframework.boot.context.embedded.AnnotationConfigEmbeddedWebApplicationContext ==== Closing org.springframework.boot.context.embedded.AnnotationConfigEmbeddedWebApplicationContext@44c03695: startup date [Wed Nov 07 09:39:50 CST 2018]; root of context hierarchy
2018-11-07 === [RMI TCP Connection(2)-127.0.0.1] === INFO  === org.springframework.jmx.export.annotation.AnnotationMBeanExporter ==== Unregistering JMX-exposed beans on shutdown
2018-11-07 09:46:38.386  INFO 7328 --- [main] c.a.s.SpringBoot03LoggingApplication     : Starting SpringBoot03LoggingApplication on ecar-PC with PID 7328 (D:\work\sts\workspace\spring-boot-03-logging\target\classes started by ecar in D:\work\sts\workspace\spring-boot-03-logging)
2018-11-07 09:46:38.389  INFO 7328 --- [main] c.a.s.SpringBoot03LoggingApplication     : No active profile set, falling back to default profiles: default
2018-11-07 09:46:38.422  INFO 7328 --- [main] ationConfigEmbeddedWebApplicationContext : Refreshing org.springframework.boot.context.embedded.AnnotationConfigEmbeddedWebApplicationContext@10683d9d: startup date [Wed Nov 07 09:46:38 CST 2018]; root of context hierarchy
2018-11-07 09:46:39.150  INFO 7328 --- [main] s.b.c.e.t.TomcatEmbeddedServletContainer : Tomcat initialized with port(s): 8080 (http)
2018-11-07 09:46:39.157  INFO 7328 --- [main] o.a.c.c.StandardService                  : Starting service [Tomcat]
2018-11-07 09:46:39.158  INFO 7328 --- [main] o.a.c.c.StandardEngine                   : Starting Servlet Engine: Apache Tomcat/8.5.27
2018-11-07 09:46:39.211  INFO 7328 --- [localhost-startStop-1] o.a.c.c.C.[.[.[/]                        : Initializing Spring embedded WebApplicationContext
2018-11-07 09:46:39.211  INFO 7328 --- [localhost-startStop-1] o.s.w.c.ContextLoader                    : Root WebApplicationContext: initialization completed in 791 ms
2018-11-07 09:46:39.306  INFO 7328 --- [localhost-startStop-1] o.s.b.w.s.ServletRegistrationBean        : Mapping servlet: 'dispatcherServlet' to [/]
2018-11-07 09:46:39.309  INFO 7328 --- [localhost-startStop-1] o.s.b.w.s.FilterRegistrationBean         : Mapping filter: 'characterEncodingFilter' to: [/*]
2018-11-07 09:46:39.309  INFO 7328 --- [localhost-startStop-1] o.s.b.w.s.FilterRegistrationBean         : Mapping filter: 'hiddenHttpMethodFilter' to: [/*]
2018-11-07 09:46:39.309  INFO 7328 --- [localhost-startStop-1] o.s.b.w.s.FilterRegistrationBean         : Mapping filter: 'httpPutFormContentFilter' to: [/*]
2018-11-07 09:46:39.310  INFO 7328 --- [localhost-startStop-1] o.s.b.w.s.FilterRegistrationBean         : Mapping filter: 'requestContextFilter' to: [/*]
2018-11-07 09:46:39.518  INFO 7328 --- [main] s.w.s.m.m.a.RequestMappingHandlerAdapter : Looking for @ControllerAdvice: org.springframework.boot.context.embedded.AnnotationConfigEmbeddedWebApplicationContext@10683d9d: startup date [Wed Nov 07 09:46:38 CST 2018]; root of context hierarchy
2018-11-07 09:46:39.561  INFO 7328 --- [main] s.w.s.m.m.a.RequestMappingHandlerMapping : Mapped "{[/error]}" onto public org.springframework.http.ResponseEntity<java.util.Map<java.lang.String, java.lang.Object>> org.springframework.boot.autoconfigure.web.BasicErrorController.error(javax.servlet.http.HttpServletRequest)
2018-11-07 09:46:39.562  INFO 7328 --- [main] s.w.s.m.m.a.RequestMappingHandlerMapping : Mapped "{[/error],produces=[text/html]}" onto public org.springframework.web.servlet.ModelAndView org.springframework.boot.autoconfigure.web.BasicErrorController.errorHtml(javax.servlet.http.HttpServletRequest,javax.servlet.http.HttpServletResponse)
2018-11-07 09:46:39.584  INFO 7328 --- [main] o.s.w.s.h.SimpleUrlHandlerMapping        : Mapped URL path [/webjars/**] onto handler of type [class org.springframework.web.servlet.resource.ResourceHttpRequestHandler]
2018-11-07 09:46:39.585  INFO 7328 --- [main] o.s.w.s.h.SimpleUrlHandlerMapping        : Mapped URL path [/**] onto handler of type [class org.springframework.web.servlet.resource.ResourceHttpRequestHandler]
2018-11-07 09:46:39.610  INFO 7328 --- [main] o.s.w.s.h.SimpleUrlHandlerMapping        : Mapped URL path [/**/favicon.ico] onto handler of type [class org.springframework.web.servlet.resource.ResourceHttpRequestHandler]
2018-11-07 09:46:39.711  INFO 7328 --- [main] o.s.j.e.a.AnnotationMBeanExporter        : Registering beans for JMX exposure on startup
2018-11-07 09:46:39.773  INFO 7328 --- [main] s.b.c.e.t.TomcatEmbeddedServletContainer : Tomcat started on port(s): 8080 (http)
2018-11-07 09:46:39.779  INFO 7328 --- [main] c.a.s.SpringBoot03LoggingApplication     : Started SpringBoot03LoggingApplication in 1.61 seconds (JVM running for 2.252)
2018-11-07 09:47:33.115  INFO 7328 --- [RMI TCP Connection(2)-127.0.0.1] inMXBeanRegistrar$SpringApplicationAdmin : Application shutdown requested.
2018-11-07 09:47:33.116  INFO 7328 --- [RMI TCP Connection(2)-127.0.0.1] ationConfigEmbeddedWebApplicationContext : Closing org.springframework.boot.context.embedded.AnnotationConfigEmbeddedWebApplicationContext@10683d9d: startup date [Wed Nov 07 09:46:38 CST 2018]; root of context hierarchy
2018-11-07 09:47:33.117  INFO 7328 --- [RMI TCP Connection(2)-127.0.0.1] o.s.j.e.a.AnnotationMBeanExporter        : Unregistering JMX-exposed beans on shutdown
2018-11-07 === [main] === INFO  === com.atguigu.springboot.SpringBoot03LoggingApplication ==== Starting SpringBoot03LoggingApplication on ecar-PC with PID 6808 (D:\work\sts\workspace\spring-boot-03-logging\target\classes started by ecar in D:\work\sts\workspace\spring-boot-03-logging)
2018-11-07 === [main] === INFO  === com.atguigu.springboot.SpringBoot03LoggingApplication ==== No active profile set, falling back to default profiles: default
2018-11-07 === [main] === INFO  === org.springframework.boot.context.embedded.AnnotationConfigEmbeddedWebApplicationContext ==== Refreshing org.springframework.boot.context.embedded.AnnotationConfigEmbeddedWebApplicationContext@44c03695: startup date [Wed Nov 07 11:04:48 CST 2018]; root of context hierarchy
2018-11-07 === [main] === INFO  === org.springframework.boot.context.embedded.tomcat.TomcatEmbeddedServletContainer ==== Tomcat initialized with port(s): 8080 (http)
2018-11-07 === [main] === INFO  === org.apache.catalina.core.StandardService ==== Starting service [Tomcat]
2018-11-07 === [main] === INFO  === org.apache.catalina.core.StandardEngine ==== Starting Servlet Engine: Apache Tomcat/8.5.27
2018-11-07 === [localhost-startStop-1] === INFO  === org.apache.catalina.core.ContainerBase.[Tomcat].[localhost].[/] ==== Initializing Spring embedded WebApplicationContext
2018-11-07 === [localhost-startStop-1] === INFO  === org.springframework.web.context.ContextLoader ==== Root WebApplicationContext: initialization completed in 785 ms
2018-11-07 === [localhost-startStop-1] === INFO  === org.springframework.boot.web.servlet.ServletRegistrationBean ==== Mapping servlet: 'dispatcherServlet' to [/]
2018-11-07 === [localhost-startStop-1] === INFO  === org.springframework.boot.web.servlet.FilterRegistrationBean ==== Mapping filter: 'characterEncodingFilter' to: [/*]
2018-11-07 === [localhost-startStop-1] === INFO  === org.springframework.boot.web.servlet.FilterRegistrationBean ==== Mapping filter: 'hiddenHttpMethodFilter' to: [/*]
2018-11-07 === [localhost-startStop-1] === INFO  === org.springframework.boot.web.servlet.FilterRegistrationBean ==== Mapping filter: 'httpPutFormContentFilter' to: [/*]
2018-11-07 === [localhost-startStop-1] === INFO  === org.springframework.boot.web.servlet.FilterRegistrationBean ==== Mapping filter: 'requestContextFilter' to: [/*]
2018-11-07 === [main] === INFO  === org.springframework.web.servlet.mvc.method.annotation.RequestMappingHandlerAdapter ==== Looking for @ControllerAdvice: org.springframework.boot.context.embedded.AnnotationConfigEmbeddedWebApplicationContext@44c03695: startup date [Wed Nov 07 11:04:48 CST 2018]; root of context hierarchy
2018-11-07 === [main] === INFO  === org.springframework.web.servlet.mvc.method.annotation.RequestMappingHandlerMapping ==== Mapped "{[/error]}" onto public org.springframework.http.ResponseEntity<java.util.Map<java.lang.String, java.lang.Object>> org.springframework.boot.autoconfigure.web.BasicErrorController.error(javax.servlet.http.HttpServletRequest)
2018-11-07 === [main] === INFO  === org.springframework.web.servlet.mvc.method.annotation.RequestMappingHandlerMapping ==== Mapped "{[/error],produces=[text/html]}" onto public org.springframework.web.servlet.ModelAndView org.springframework.boot.autoconfigure.web.BasicErrorController.errorHtml(javax.servlet.http.HttpServletRequest,javax.servlet.http.HttpServletResponse)
2018-11-07 === [main] === INFO  === org.springframework.web.servlet.handler.SimpleUrlHandlerMapping ==== Mapped URL path [/webjars/**] onto handler of type [class org.springframework.web.servlet.resource.ResourceHttpRequestHandler]
2018-11-07 === [main] === INFO  === org.springframework.web.servlet.handler.SimpleUrlHandlerMapping ==== Mapped URL path [/**] onto handler of type [class org.springframework.web.servlet.resource.ResourceHttpRequestHandler]
2018-11-07 === [main] === INFO  === org.springframework.web.servlet.handler.SimpleUrlHandlerMapping ==== Mapped URL path [/**/favicon.ico] onto handler of type [class org.springframework.web.servlet.resource.ResourceHttpRequestHandler]
2018-11-07 === [main] === INFO  === org.springframework.jmx.export.annotation.AnnotationMBeanExporter ==== Registering beans for JMX exposure on startup
2018-11-07 === [main] === INFO  === org.springframework.boot.context.embedded.tomcat.TomcatEmbeddedServletContainer ==== Tomcat started on port(s): 8080 (http)
2018-11-07 === [main] === INFO  === com.atguigu.springboot.SpringBoot03LoggingApplication ==== Started SpringBoot03LoggingApplication in 1.556 seconds (JVM running for 2.129)
2018-11-07 === [RMI TCP Connection(2)-127.0.0.1] === INFO  === org.springframework.boot.admin.SpringApplicationAdminMXBeanRegistrar$SpringApplicationAdmin ==== Application shutdown requested.
2018-11-07 === [RMI TCP Connection(2)-127.0.0.1] === INFO  === org.springframework.boot.context.embedded.AnnotationConfigEmbeddedWebApplicationContext ==== Closing org.springframework.boot.context.embedded.AnnotationConfigEmbeddedWebApplicationContext@44c03695: startup date [Wed Nov 07 11:04:48 CST 2018]; root of context hierarchy
2018-11-07 === [RMI TCP Connection(2)-127.0.0.1] === INFO  === org.springframework.jmx.export.annotation.AnnotationMBeanExporter ==== Unregistering JMX-exposed beans on shutdown
